<?xml version="1.0" encoding="UTF-8"?>
<testng-results skipped="0" failed="0" ignored="0" total="1" passed="1">
  <reporter-output>
  </reporter-output>
  <suite name="Default suite" duration-ms="9851" started-at="2019-12-04T12:52:46Z" finished-at="2019-12-04T12:52:56Z">
    <groups>
    </groups>
    <test name="Default test" duration-ms="9851" started-at="2019-12-04T12:52:46Z" finished-at="2019-12-04T12:52:56Z">
      <class name="testpackage.SeleniumWebdriverTest">
        <test-method status="PASS" signature="startFireFox()[pri:0, instance:testpackage.SeleniumWebdriverTest@73e9cf30]" name="startFireFox" is-config="true" duration-ms="6079" started-at="2019-12-04T12:52:46Z" finished-at="2019-12-04T12:52:52Z">
          <reporter-output>
          </reporter-output>
        </test-method> <!-- startFireFox -->
        <test-method status="PASS" signature="MyFirstTestNGTestCase()[pri:0, instance:testpackage.SeleniumWebdriverTest@73e9cf30]" name="MyFirstTestNGTestCase" duration-ms="3061" started-at="2019-12-04T12:52:52Z" finished-at="2019-12-04T12:52:55Z">
          <reporter-output>
          </reporter-output>
        </test-method> <!-- MyFirstTestNGTestCase -->
        <test-method status="PASS" signature="cleaupProc()[pri:0, instance:testpackage.SeleniumWebdriverTest@73e9cf30]" name="cleaupProc" is-config="true" duration-ms="692" started-at="2019-12-04T12:52:55Z" finished-at="2019-12-04T12:52:56Z">
          <reporter-output>
          </reporter-output>
        </test-method> <!-- cleaupProc -->
      </class> <!-- testpackage.SeleniumWebdriverTest -->
    </test> <!-- Default test -->
  </suite> <!-- Default suite -->
</testng-results>
